This file contains any messages produced by compilers while
running configure, to aid debugging if configure makes a mistake.

It was created by libtpms configure 0.10.0, which was
generated by GNU Autoconf 2.71.  Invocation command line was

  $ ./configure --prefix=/usr --with-tpm2 --with-openssl --disable-dependency-tracking --no-create --no-recursion

## --------- ##
## Platform. ##
## --------- ##

hostname = tpm
uname -m = x86_64
uname -r = 6.8.0-52-generic
uname -s = Linux
uname -v = #53~22.04.1-Ubuntu SMP PREEMPT_DYNAMIC Wed Jan 15 19:18:46 UTC 2

/usr/bin/uname -p = x86_64
/bin/uname -X     = unknown

/bin/arch              = x86_64
/usr/bin/arch -k       = unknown
/usr/convex/getsysinfo = unknown
/usr/bin/hostinfo      = unknown
/bin/machine           = unknown
/usr/bin/oslevel       = unknown
/bin/universe          = unknown

PATH: /home/lawsonzhang/.vscode-server/cli/servers/Stable-ddc367ed5c8936efe395cffeec279b04ffd7db78/server/bin/remote-cli/
PATH: /usr/local/sbin/
PATH: /usr/local/bin/
PATH: /usr/sbin/
PATH: /usr/bin/
PATH: /sbin/
PATH: /bin/
PATH: /usr/games/
PATH: /usr/local/games/
PATH: /snap/bin/


## ----------- ##
## Core tests. ##
## ----------- ##

configure:2827: looking for aux files: ltmain.sh compile missing install-sh config.guess config.sub
configure:2840:  trying ././
configure:2869:   ././ltmain.sh found
configure:2869:   ././compile found
configure:2869:   ././missing found
configure:2851:   ././install-sh found
configure:2869:   ././config.guess found
configure:2869:   ././config.sub found
configure:2994: checking build system type
configure:3009: result: x86_64-pc-linux-gnu
configure:3029: checking host system type
configure:3043: result: x86_64-pc-linux-gnu
configure:3063: checking target system type
configure:3077: result: x86_64-pc-linux-gnu
configure:3120: checking for a BSD-compatible install
configure:3193: result: /usr/bin/install -c
configure:3204: checking whether build environment is sane
configure:3259: result: yes
configure:3418: checking for a race-free mkdir -p
configure:3462: result: /usr/bin/mkdir -p
configure:3469: checking for gawk
configure:3504: result: no
configure:3469: checking for mawk
configure:3490: found /usr/bin/mawk
configure:3501: result: mawk
configure:3512: checking whether make sets $(MAKE)
configure:3535: result: yes
configure:3565: checking whether make supports nested variables
configure:3583: result: yes
configure:3731: checking whether make supports nested variables
configure:3749: result: yes
configure:3774: checking for debug-enabled build
configure:3790: result: no
configure:3824: checking whether make supports the include directive
configure:3839: make -f confmf.GNU && cat confinc.out
make[3]: Entering directory '/home/lawsonzhang/tpm_containers5/libtpms-0.10.0'
make[3]: Leaving directory '/home/lawsonzhang/tpm_containers5/libtpms-0.10.0'
this is the am__doit target
configure:3842: $? = 0
configure:3861: result: yes (GNU style)
configure:3937: checking for gcc
configure:3958: found /usr/bin/gcc
configure:3969: result: gcc
configure:4322: checking for C compiler version
configure:4331: gcc --version >&5
gcc (Ubuntu 11.4.0-1ubuntu1~22.04) 11.4.0
Copyright (C) 2021 Free Software Foundation, Inc.
This is free software; see the source for copying conditions.  There is NO
warranty; not even for MERCHANTABILITY or FITNESS FOR A PARTICULAR PURPOSE.

configure:4342: $? = 0
configure:4331: gcc -v >&5
Using built-in specs.
COLLECT_GCC=gcc
COLLECT_LTO_WRAPPER=/usr/lib/gcc/x86_64-linux-gnu/11/lto-wrapper
OFFLOAD_TARGET_NAMES=nvptx-none:amdgcn-amdhsa
OFFLOAD_TARGET_DEFAULT=1
Target: x86_64-linux-gnu
Configured with: ../src/configure -v --with-pkgversion='Ubuntu 11.4.0-1ubuntu1~22.04' --with-bugurl=file:///usr/share/doc/gcc-11/README.Bugs --enable-languages=c,ada,c++,go,brig,d,fortran,objc,obj-c++,m2 --prefix=/usr --with-gcc-major-version-only --program-suffix=-11 --program-prefix=x86_64-linux-gnu- --enable-shared --enable-linker-build-id --libexecdir=/usr/lib --without-included-gettext --enable-threads=posix --libdir=/usr/lib --enable-nls --enable-bootstrap --enable-clocale=gnu --enable-libstdcxx-debug --enable-libstdcxx-time=yes --with-default-libstdcxx-abi=new --enable-gnu-unique-object --disable-vtable-verify --enable-plugin --enable-default-pie --with-system-zlib --enable-libphobos-checking=release --with-target-system-zlib=auto --enable-objc-gc=auto --enable-multiarch --disable-werror --enable-cet --with-arch-32=i686 --with-abi=m64 --with-multilib-list=m32,m64,mx32 --enable-multilib --with-tune=generic --enable-offload-targets=nvptx-none=/build/gcc-11-XeT9lY/gcc-11-11.4.0/debian/tmp-nvptx/usr,amdgcn-amdhsa=/build/gcc-11-XeT9lY/gcc-11-11.4.0/debian/tmp-gcn/usr --without-cuda-driver --enable-checking=release --build=x86_64-linux-gnu --host=x86_64-linux-gnu --target=x86_64-linux-gnu --with-build-config=bootstrap-lto-lean --enable-link-serialization=2
Thread model: posix
Supported LTO compression algorithms: zlib zstd
gcc version 11.4.0 (Ubuntu 11.4.0-1ubuntu1~22.04) 
... rest of stderr output deleted ...
configure:4342: $? = 0
configure:4331: gcc -V >&5
gcc: error: unrecognized command-line option '-V'
gcc: fatal error: no input files
compilation terminated.
configure:4342: $? = 1
configure:4331: gcc -qversion >&5
gcc: error: unrecognized command-line option '-qversion'; did you mean '--version'?
gcc: fatal error: no input files
compilation terminated.
configure:4342: $? = 1
configure:4331: gcc -version >&5
gcc: error: unrecognized command-line option '-version'
gcc: fatal error: no input files
compilation terminated.
configure:4342: $? = 1
configure:4362: checking whether the C compiler works
configure:4384: gcc    conftest.c  >&5
configure:4388: $? = 0
configure:4438: result: yes
configure:4441: checking for C compiler default output file name
configure:4443: result: a.out
configure:4449: checking for suffix of executables
configure:4456: gcc -o conftest    conftest.c  >&5
configure:4460: $? = 0
configure:4483: result: 
configure:4505: checking whether we are cross compiling
configure:4513: gcc -o conftest    conftest.c  >&5
configure:4517: $? = 0
configure:4524: ./conftest
configure:4528: $? = 0
configure:4543: result: no
configure:4548: checking for suffix of object files
configure:4571: gcc -c   conftest.c >&5
configure:4575: $? = 0
configure:4597: result: o
configure:4601: checking whether the compiler supports GNU C
configure:4621: gcc -c   conftest.c >&5
configure:4621: $? = 0
configure:4631: result: yes
configure:4642: checking whether gcc accepts -g
configure:4663: gcc -c -g  conftest.c >&5
configure:4663: $? = 0
configure:4707: result: yes
configure:4727: checking for gcc option to enable C11 features
configure:4742: gcc  -c -g -O2  conftest.c >&5
configure:4742: $? = 0
configure:4760: result: none needed
configure:4876: checking whether gcc understands -c and -o together
configure:4899: gcc -c conftest.c -o conftest2.o
configure:4902: $? = 0
configure:4899: gcc -c conftest.c -o conftest2.o
configure:4902: $? = 0
configure:4914: result: yes
configure:4933: checking dependency style of gcc
configure:5045: result: none
configure:5062: checking whether the linker accepts -Wl,--version-script=./src/test.syms
configure:5082: gcc -o conftest -g -O2    -Wl,--version-script=./src/test.syms conftest.c  >&5
configure:5082: $? = 0
configure:5093: result: yes
configure:5154: result: Building with TPM2 support
configure:5192: checking for stdio.h
configure:5192: gcc -c -g -O2  conftest.c >&5
configure:5192: $? = 0
configure:5192: result: yes
configure:5192: checking for stdlib.h
configure:5192: gcc -c -g -O2  conftest.c >&5
configure:5192: $? = 0
configure:5192: result: yes
configure:5192: checking for string.h
configure:5192: gcc -c -g -O2  conftest.c >&5
configure:5192: $? = 0
configure:5192: result: yes
configure:5192: checking for inttypes.h
configure:5192: gcc -c -g -O2  conftest.c >&5
configure:5192: $? = 0
configure:5192: result: yes
configure:5192: checking for stdint.h
configure:5192: gcc -c -g -O2  conftest.c >&5
configure:5192: $? = 0
configure:5192: result: yes
configure:5192: checking for strings.h
configure:5192: gcc -c -g -O2  conftest.c >&5
configure:5192: $? = 0
configure:5192: result: yes
configure:5192: checking for sys/stat.h
configure:5192: gcc -c -g -O2  conftest.c >&5
configure:5192: $? = 0
configure:5192: result: yes
configure:5192: checking for sys/types.h
configure:5192: gcc -c -g -O2  conftest.c >&5
configure:5192: $? = 0
configure:5192: result: yes
configure:5192: checking for unistd.h
configure:5192: gcc -c -g -O2  conftest.c >&5
configure:5192: $? = 0
configure:5192: result: yes
configure:5221: checking for AES_set_encrypt_key in -lcrypto
configure:5244: gcc -o conftest -g -O2   conftest.c -lcrypto   >&5
configure:5244: $? = 0
configure:5254: result: yes
configure:5268: checking for openssl/aes.h
configure:5268: gcc -c -g -O2  conftest.c >&5
configure:5268: $? = 0
configure:5268: result: yes
configure:5278: result: Building with openssl crypto library
configure:5486: checking for EVP_CIPHER_CTX_new in -lcrypto
configure:5509: gcc -o conftest -g -O2   conftest.c -lcrypto  -lcrypto  >&5
configure:5509: $? = 0
configure:5519: result: yes
configure:5531: checking for EVP_EncryptInit_ex in -lcrypto
configure:5554: gcc -o conftest -g -O2   conftest.c -lcrypto  -lcrypto -lcrypto  >&5
configure:5554: $? = 0
configure:5564: result: yes
configure:5576: checking for EVP_aes_128_cbc in -lcrypto
configure:5599: gcc -o conftest -g -O2   conftest.c -lcrypto  -lcrypto -lcrypto -lcrypto  >&5
configure:5599: $? = 0
configure:5609: result: yes
configure:5621: checking for EVP_des_ede3_cbc in -lcrypto
configure:5644: gcc -o conftest -g -O2   conftest.c -lcrypto  -lcrypto -lcrypto -lcrypto -lcrypto  >&5
configure:5644: $? = 0
configure:5654: result: yes
configure:5666: checking for EVP_camellia_128_cbc in -lcrypto
configure:5689: gcc -o conftest -g -O2   conftest.c -lcrypto  -lcrypto -lcrypto -lcrypto -lcrypto -lcrypto  >&5
configure:5689: $? = 0
configure:5699: result: yes
configure:5711: checking for DES_random_key in -lcrypto
configure:5734: gcc -o conftest -g -O2   conftest.c -lcrypto  -lcrypto -lcrypto -lcrypto -lcrypto -lcrypto -lcrypto  >&5
configure:5734: $? = 0
configure:5744: result: yes
configure:5756: checking for EVP_CIPHER_CTX_iv in -lcrypto
configure:5779: gcc -o conftest -g -O2   conftest.c -lcrypto  -lcrypto -lcrypto -lcrypto -lcrypto -lcrypto -lcrypto -lcrypto  >&5
configure:5779: $? = 0
configure:5789: result: yes
configure:5807: checking for EC_KEY_set_group in -lcrypto
configure:5830: gcc -o conftest -g -O2   conftest.c -lcrypto  -lcrypto -lcrypto -lcrypto -lcrypto -lcrypto -lcrypto -lcrypto -lcrypto  >&5
configure:5830: $? = 0
configure:5840: result: yes
configure:5852: checking for EC_KEY_generate_key in -lcrypto
configure:5875: gcc -o conftest -g -O2   conftest.c -lcrypto  -lcrypto -lcrypto -lcrypto -lcrypto -lcrypto -lcrypto -lcrypto -lcrypto -lcrypto  >&5
configure:5875: $? = 0
configure:5885: result: yes
configure:5897: checking for EC_KEY_get0_private_key in -lcrypto
configure:5920: gcc -o conftest -g -O2   conftest.c -lcrypto  -lcrypto -lcrypto -lcrypto -lcrypto -lcrypto -lcrypto -lcrypto -lcrypto -lcrypto -lcrypto  >&5
configure:5920: $? = 0
configure:5930: result: yes
configure:5948: checking for ECDSA_SIG_new in -lcrypto
configure:5971: gcc -o conftest -g -O2   conftest.c -lcrypto  -lcrypto -lcrypto -lcrypto -lcrypto -lcrypto -lcrypto -lcrypto -lcrypto -lcrypto -lcrypto -lcrypto  >&5
configure:5971: $? = 0
configure:5981: result: yes
configure:5993: checking for ECDSA_SIG_set0 in -lcrypto
configure:6016: gcc -o conftest -g -O2   conftest.c -lcrypto  -lcrypto -lcrypto -lcrypto -lcrypto -lcrypto -lcrypto -lcrypto -lcrypto -lcrypto -lcrypto -lcrypto -lcrypto  >&5
configure:6016: $? = 0
configure:6026: result: yes
configure:6038: checking for ECDSA_do_verify in -lcrypto
configure:6061: gcc -o conftest -g -O2   conftest.c -lcrypto  -lcrypto -lcrypto -lcrypto -lcrypto -lcrypto -lcrypto -lcrypto -lcrypto -lcrypto -lcrypto -lcrypto -lcrypto -lcrypto  >&5
configure:6061: $? = 0
configure:6071: result: yes
configure:6083: checking for ECDSA_do_sign in -lcrypto
configure:6106: gcc -o conftest -g -O2   conftest.c -lcrypto  -lcrypto -lcrypto -lcrypto -lcrypto -lcrypto -lcrypto -lcrypto -lcrypto -lcrypto -lcrypto -lcrypto -lcrypto -lcrypto -lcrypto  >&5
configure:6106: $? = 0
configure:6116: result: yes
configure:6128: checking for EC_KEY_set_group in -lcrypto
configure:6161: result: yes
configure:6179: checking for RSA_set0_key in -lcrypto
configure:6202: gcc -o conftest -g -O2   conftest.c -lcrypto  -lcrypto -lcrypto -lcrypto -lcrypto -lcrypto -lcrypto -lcrypto -lcrypto -lcrypto -lcrypto -lcrypto -lcrypto -lcrypto -lcrypto -lcrypto -lcrypto  >&5
configure:6202: $? = 0
configure:6212: result: yes
configure:6224: checking for RSA_set0_factors in -lcrypto
configure:6247: gcc -o conftest -g -O2   conftest.c -lcrypto  -lcrypto -lcrypto -lcrypto -lcrypto -lcrypto -lcrypto -lcrypto -lcrypto -lcrypto -lcrypto -lcrypto -lcrypto -lcrypto -lcrypto -lcrypto -lcrypto -lcrypto  >&5
configure:6247: $? = 0
configure:6257: result: yes
configure:6269: checking for RSA_set0_crt_params in -lcrypto
configure:6292: gcc -o conftest -g -O2   conftest.c -lcrypto  -lcrypto -lcrypto -lcrypto -lcrypto -lcrypto -lcrypto -lcrypto -lcrypto -lcrypto -lcrypto -lcrypto -lcrypto -lcrypto -lcrypto -lcrypto -lcrypto -lcrypto -lcrypto  >&5
configure:6292: $? = 0
configure:6302: result: yes
configure:6314: checking for RSA_generate_key_ex in -lcrypto
configure:6337: gcc -o conftest -g -O2   conftest.c -lcrypto  -lcrypto -lcrypto -lcrypto -lcrypto -lcrypto -lcrypto -lcrypto -lcrypto -lcrypto -lcrypto -lcrypto -lcrypto -lcrypto -lcrypto -lcrypto -lcrypto -lcrypto -lcrypto -lcrypto  >&5
configure:6337: $? = 0
configure:6347: result: yes
configure:6359: checking for EVP_PKEY_CTX_new in -lcrypto
configure:6382: gcc -o conftest -g -O2   conftest.c -lcrypto  -lcrypto -lcrypto -lcrypto -lcrypto -lcrypto -lcrypto -lcrypto -lcrypto -lcrypto -lcrypto -lcrypto -lcrypto -lcrypto -lcrypto -lcrypto -lcrypto -lcrypto -lcrypto -lcrypto -lcrypto  >&5
configure:6382: $? = 0
configure:6392: result: yes
configure:6404: checking for EVP_PKEY_assign in -lcrypto
configure:6427: gcc -o conftest -g -O2   conftest.c -lcrypto  -lcrypto -lcrypto -lcrypto -lcrypto -lcrypto -lcrypto -lcrypto -lcrypto -lcrypto -lcrypto -lcrypto -lcrypto -lcrypto -lcrypto -lcrypto -lcrypto -lcrypto -lcrypto -lcrypto -lcrypto -lcrypto  >&5
configure:6427: $? = 0
configure:6437: result: yes
configure:6449: checking for EVP_PKEY_encrypt_init in -lcrypto
configure:6472: gcc -o conftest -g -O2   conftest.c -lcrypto  -lcrypto -lcrypto -lcrypto -lcrypto -lcrypto -lcrypto -lcrypto -lcrypto -lcrypto -lcrypto -lcrypto -lcrypto -lcrypto -lcrypto -lcrypto -lcrypto -lcrypto -lcrypto -lcrypto -lcrypto -lcrypto -lcrypto  >&5
configure:6472: $? = 0
configure:6482: result: yes
configure:6494: checking for EVP_PKEY_encrypt in -lcrypto
configure:6517: gcc -o conftest -g -O2   conftest.c -lcrypto  -lcrypto -lcrypto -lcrypto -lcrypto -lcrypto -lcrypto -lcrypto -lcrypto -lcrypto -lcrypto -lcrypto -lcrypto -lcrypto -lcrypto -lcrypto -lcrypto -lcrypto -lcrypto -lcrypto -lcrypto -lcrypto -lcrypto -lcrypto  >&5
configure:6517: $? = 0
configure:6527: result: yes
configure:6539: checking for EVP_PKEY_decrypt_init in -lcrypto
configure:6562: gcc -o conftest -g -O2   conftest.c -lcrypto  -lcrypto -lcrypto -lcrypto -lcrypto -lcrypto -lcrypto -lcrypto -lcrypto -lcrypto -lcrypto -lcrypto -lcrypto -lcrypto -lcrypto -lcrypto -lcrypto -lcrypto -lcrypto -lcrypto -lcrypto -lcrypto -lcrypto -lcrypto -lcrypto  >&5
configure:6562: $? = 0
configure:6572: result: yes
configure:6584: checking for EVP_PKEY_decrypt in -lcrypto
configure:6607: gcc -o conftest -g -O2   conftest.c -lcrypto  -lcrypto -lcrypto -lcrypto -lcrypto -lcrypto -lcrypto -lcrypto -lcrypto -lcrypto -lcrypto -lcrypto -lcrypto -lcrypto -lcrypto -lcrypto -lcrypto -lcrypto -lcrypto -lcrypto -lcrypto -lcrypto -lcrypto -lcrypto -lcrypto -lcrypto  >&5
configure:6607: $? = 0
configure:6617: result: yes
configure:6629: checking for EVP_PKEY_sign_init in -lcrypto
configure:6652: gcc -o conftest -g -O2   conftest.c -lcrypto  -lcrypto -lcrypto -lcrypto -lcrypto -lcrypto -lcrypto -lcrypto -lcrypto -lcrypto -lcrypto -lcrypto -lcrypto -lcrypto -lcrypto -lcrypto -lcrypto -lcrypto -lcrypto -lcrypto -lcrypto -lcrypto -lcrypto -lcrypto -lcrypto -lcrypto -lcrypto  >&5
configure:6652: $? = 0
configure:6662: result: yes
configure:6674: checking for EVP_PKEY_sign in -lcrypto
configure:6697: gcc -o conftest -g -O2   conftest.c -lcrypto  -lcrypto -lcrypto -lcrypto -lcrypto -lcrypto -lcrypto -lcrypto -lcrypto -lcrypto -lcrypto -lcrypto -lcrypto -lcrypto -lcrypto -lcrypto -lcrypto -lcrypto -lcrypto -lcrypto -lcrypto -lcrypto -lcrypto -lcrypto -lcrypto -lcrypto -lcrypto -lcrypto  >&5
configure:6697: $? = 0
configure:6707: result: yes
configure:6719: checking for EVP_PKEY_verify_init in -lcrypto
configure:6742: gcc -o conftest -g -O2   conftest.c -lcrypto  -lcrypto -lcrypto -lcrypto -lcrypto -lcrypto -lcrypto -lcrypto -lcrypto -lcrypto -lcrypto -lcrypto -lcrypto -lcrypto -lcrypto -lcrypto -lcrypto -lcrypto -lcrypto -lcrypto -lcrypto -lcrypto -lcrypto -lcrypto -lcrypto -lcrypto -lcrypto -lcrypto -lcrypto  >&5
configure:6742: $? = 0
configure:6752: result: yes
configure:6764: checking for EVP_PKEY_verify in -lcrypto
configure:6787: gcc -o conftest -g -O2   conftest.c -lcrypto  -lcrypto -lcrypto -lcrypto -lcrypto -lcrypto -lcrypto -lcrypto -lcrypto -lcrypto -lcrypto -lcrypto -lcrypto -lcrypto -lcrypto -lcrypto -lcrypto -lcrypto -lcrypto -lcrypto -lcrypto -lcrypto -lcrypto -lcrypto -lcrypto -lcrypto -lcrypto -lcrypto -lcrypto -lcrypto  >&5
configure:6787: $? = 0
configure:6797: result: yes
configure:6809: checking for EVP_get_digestbyname in -lcrypto
configure:6832: gcc -o conftest -g -O2   conftest.c -lcrypto  -lcrypto -lcrypto -lcrypto -lcrypto -lcrypto -lcrypto -lcrypto -lcrypto -lcrypto -lcrypto -lcrypto -lcrypto -lcrypto -lcrypto -lcrypto -lcrypto -lcrypto -lcrypto -lcrypto -lcrypto -lcrypto -lcrypto -lcrypto -lcrypto -lcrypto -lcrypto -lcrypto -lcrypto -lcrypto -lcrypto  >&5
configure:6832: $? = 0
configure:6842: result: yes
configure:6856: checking whether EVP_PKEY_CTX_set0_rsa_oaep_label is defined in <openssl/rsa.h>
configure:6871: gcc -c -g -O2  conftest.c >&5
conftest.c: In function 'main':
conftest.c:61:22: error: #error EVP_PKEY_CTX_set0_rsa_oaep_label not defined
   61 |                     #error EVP_PKEY_CTX_set0_rsa_oaep_label not defined
      |                      ^~~~~
configure:6871: $? = 1
configure: failed program was:
| /* confdefs.h */
| #define PACKAGE_NAME "libtpms"
| #define PACKAGE_TARNAME "libtpms"
| #define PACKAGE_VERSION "0.10.0"
| #define PACKAGE_STRING "libtpms 0.10.0"
| #define PACKAGE_BUGREPORT ""
| #define PACKAGE_URL ""
| #define PACKAGE "libtpms"
| #define VERSION "0.10.0"
| #define WITH_TPM1 1
| #define WITH_TPM2 1
| #define HAVE_STDIO_H 1
| #define HAVE_STDLIB_H 1
| #define HAVE_STRING_H 1
| #define HAVE_INTTYPES_H 1
| #define HAVE_STDINT_H 1
| #define HAVE_STRINGS_H 1
| #define HAVE_SYS_STAT_H 1
| #define HAVE_SYS_TYPES_H 1
| #define HAVE_UNISTD_H 1
| #define STDC_HEADERS 1
| #define HAVE_LIBCRYPTO 1
| #define HAVE_OPENSSL_AES_H 1
| #define USE_OPENSSL_CRYPTO_LIBRARY 1
| #define HAVE_LIBCRYPTO 1
| #define HAVE_LIBCRYPTO 1
| #define HAVE_LIBCRYPTO 1
| #define HAVE_LIBCRYPTO 1
| #define HAVE_LIBCRYPTO 1
| #define HAVE_LIBCRYPTO 1
| #define HAVE_LIBCRYPTO 1
| #define HAVE_LIBCRYPTO 1
| #define HAVE_LIBCRYPTO 1
| #define HAVE_LIBCRYPTO 1
| #define HAVE_LIBCRYPTO 1
| #define HAVE_LIBCRYPTO 1
| #define HAVE_LIBCRYPTO 1
| #define HAVE_LIBCRYPTO 1
| #define HAVE_LIBCRYPTO 1
| #define HAVE_LIBCRYPTO 1
| #define HAVE_LIBCRYPTO 1
| #define HAVE_LIBCRYPTO 1
| #define HAVE_LIBCRYPTO 1
| #define HAVE_LIBCRYPTO 1
| #define HAVE_LIBCRYPTO 1
| #define HAVE_LIBCRYPTO 1
| #define HAVE_LIBCRYPTO 1
| #define HAVE_LIBCRYPTO 1
| #define HAVE_LIBCRYPTO 1
| #define HAVE_LIBCRYPTO 1
| #define HAVE_LIBCRYPTO 1
| #define HAVE_LIBCRYPTO 1
| #define HAVE_LIBCRYPTO 1
| #define HAVE_LIBCRYPTO 1
| /* end confdefs.h.  */
| #include <openssl/rsa.h>
| int
| main (void)
| {
| #ifndef EVP_PKEY_CTX_set0_rsa_oaep_label
|                     #error EVP_PKEY_CTX_set0_rsa_oaep_label not defined
|                     #endif
|   ;
|   return 0;
| }
configure:6880: result: no
configure:6882: checking for EVP_PKEY_CTX_set0_rsa_oaep_label in -lcrypto
configure:6905: gcc -o conftest -g -O2   conftest.c -lcrypto  -lcrypto -lcrypto -lcrypto -lcrypto -lcrypto -lcrypto -lcrypto -lcrypto -lcrypto -lcrypto -lcrypto -lcrypto -lcrypto -lcrypto -lcrypto -lcrypto -lcrypto -lcrypto -lcrypto -lcrypto -lcrypto -lcrypto -lcrypto -lcrypto -lcrypto -lcrypto -lcrypto -lcrypto -lcrypto -lcrypto -lcrypto  >&5
configure:6905: $? = 0
configure:6915: result: yes
configure:6935: checking whether EVP_PKEY_CTX_set_rsa_padding is defined in <openssl/rsa.h>
configure:6950: gcc -c -g -O2  conftest.c >&5
conftest.c: In function 'main':
conftest.c:62:22: error: #error EVP_PKEY_CTX_set_rsa_padding not defined
   62 |                     #error EVP_PKEY_CTX_set_rsa_padding not defined
      |                      ^~~~~
configure:6950: $? = 1
configure: failed program was:
| /* confdefs.h */
| #define PACKAGE_NAME "libtpms"
| #define PACKAGE_TARNAME "libtpms"
| #define PACKAGE_VERSION "0.10.0"
| #define PACKAGE_STRING "libtpms 0.10.0"
| #define PACKAGE_BUGREPORT ""
| #define PACKAGE_URL ""
| #define PACKAGE "libtpms"
| #define VERSION "0.10.0"
| #define WITH_TPM1 1
| #define WITH_TPM2 1
| #define HAVE_STDIO_H 1
| #define HAVE_STDLIB_H 1
| #define HAVE_STRING_H 1
| #define HAVE_INTTYPES_H 1
| #define HAVE_STDINT_H 1
| #define HAVE_STRINGS_H 1
| #define HAVE_SYS_STAT_H 1
| #define HAVE_SYS_TYPES_H 1
| #define HAVE_UNISTD_H 1
| #define STDC_HEADERS 1
| #define HAVE_LIBCRYPTO 1
| #define HAVE_OPENSSL_AES_H 1
| #define USE_OPENSSL_CRYPTO_LIBRARY 1
| #define HAVE_LIBCRYPTO 1
| #define HAVE_LIBCRYPTO 1
| #define HAVE_LIBCRYPTO 1
| #define HAVE_LIBCRYPTO 1
| #define HAVE_LIBCRYPTO 1
| #define HAVE_LIBCRYPTO 1
| #define HAVE_LIBCRYPTO 1
| #define HAVE_LIBCRYPTO 1
| #define HAVE_LIBCRYPTO 1
| #define HAVE_LIBCRYPTO 1
| #define HAVE_LIBCRYPTO 1
| #define HAVE_LIBCRYPTO 1
| #define HAVE_LIBCRYPTO 1
| #define HAVE_LIBCRYPTO 1
| #define HAVE_LIBCRYPTO 1
| #define HAVE_LIBCRYPTO 1
| #define HAVE_LIBCRYPTO 1
| #define HAVE_LIBCRYPTO 1
| #define HAVE_LIBCRYPTO 1
| #define HAVE_LIBCRYPTO 1
| #define HAVE_LIBCRYPTO 1
| #define HAVE_LIBCRYPTO 1
| #define HAVE_LIBCRYPTO 1
| #define HAVE_LIBCRYPTO 1
| #define HAVE_LIBCRYPTO 1
| #define HAVE_LIBCRYPTO 1
| #define HAVE_LIBCRYPTO 1
| #define HAVE_LIBCRYPTO 1
| #define HAVE_LIBCRYPTO 1
| #define HAVE_LIBCRYPTO 1
| #define HAVE_LIBCRYPTO 1
| /* end confdefs.h.  */
| #include <openssl/rsa.h>
| int
| main (void)
| {
| #ifndef EVP_PKEY_CTX_set_rsa_padding
|                     #error EVP_PKEY_CTX_set_rsa_padding not defined
|                     #endif
|   ;
|   return 0;
| }
configure:6959: result: no
configure:6961: checking for EVP_PKEY_CTX_set_rsa_padding in -lcrypto
configure:6984: gcc -o conftest -g -O2   conftest.c -lcrypto  -lcrypto -lcrypto -lcrypto -lcrypto -lcrypto -lcrypto -lcrypto -lcrypto -lcrypto -lcrypto -lcrypto -lcrypto -lcrypto -lcrypto -lcrypto -lcrypto -lcrypto -lcrypto -lcrypto -lcrypto -lcrypto -lcrypto -lcrypto -lcrypto -lcrypto -lcrypto -lcrypto -lcrypto -lcrypto -lcrypto -lcrypto -lcrypto  >&5
configure:6984: $? = 0
configure:6994: result: yes
configure:7014: checking whether EVP_PKEY_CTX_set_rsa_oaep_md is defined in <openssl/rsa.h>
configure:7029: gcc -c -g -O2  conftest.c >&5
conftest.c: In function 'main':
conftest.c:63:22: error: #error EVP_PKEY_CTX_set_rsa_oaep_md not defined
   63 |                     #error EVP_PKEY_CTX_set_rsa_oaep_md not defined
      |                      ^~~~~
configure:7029: $? = 1
configure: failed program was:
| /* confdefs.h */
| #define PACKAGE_NAME "libtpms"
| #define PACKAGE_TARNAME "libtpms"
| #define PACKAGE_VERSION "0.10.0"
| #define PACKAGE_STRING "libtpms 0.10.0"
| #define PACKAGE_BUGREPORT ""
| #define PACKAGE_URL ""
| #define PACKAGE "libtpms"
| #define VERSION "0.10.0"
| #define WITH_TPM1 1
| #define WITH_TPM2 1
| #define HAVE_STDIO_H 1
| #define HAVE_STDLIB_H 1
| #define HAVE_STRING_H 1
| #define HAVE_INTTYPES_H 1
| #define HAVE_STDINT_H 1
| #define HAVE_STRINGS_H 1
| #define HAVE_SYS_STAT_H 1
| #define HAVE_SYS_TYPES_H 1
| #define HAVE_UNISTD_H 1
| #define STDC_HEADERS 1
| #define HAVE_LIBCRYPTO 1
| #define HAVE_OPENSSL_AES_H 1
| #define USE_OPENSSL_CRYPTO_LIBRARY 1
| #define HAVE_LIBCRYPTO 1
| #define HAVE_LIBCRYPTO 1
| #define HAVE_LIBCRYPTO 1
| #define HAVE_LIBCRYPTO 1
| #define HAVE_LIBCRYPTO 1
| #define HAVE_LIBCRYPTO 1
| #define HAVE_LIBCRYPTO 1
| #define HAVE_LIBCRYPTO 1
| #define HAVE_LIBCRYPTO 1
| #define HAVE_LIBCRYPTO 1
| #define HAVE_LIBCRYPTO 1
| #define HAVE_LIBCRYPTO 1
| #define HAVE_LIBCRYPTO 1
| #define HAVE_LIBCRYPTO 1
| #define HAVE_LIBCRYPTO 1
| #define HAVE_LIBCRYPTO 1
| #define HAVE_LIBCRYPTO 1
| #define HAVE_LIBCRYPTO 1
| #define HAVE_LIBCRYPTO 1
| #define HAVE_LIBCRYPTO 1
| #define HAVE_LIBCRYPTO 1
| #define HAVE_LIBCRYPTO 1
| #define HAVE_LIBCRYPTO 1
| #define HAVE_LIBCRYPTO 1
| #define HAVE_LIBCRYPTO 1
| #define HAVE_LIBCRYPTO 1
| #define HAVE_LIBCRYPTO 1
| #define HAVE_LIBCRYPTO 1
| #define HAVE_LIBCRYPTO 1
| #define HAVE_LIBCRYPTO 1
| #define HAVE_LIBCRYPTO 1
| #define HAVE_LIBCRYPTO 1
| /* end confdefs.h.  */
| #include <openssl/rsa.h>
| int
| main (void)
| {
| #ifndef EVP_PKEY_CTX_set_rsa_oaep_md
|                     #error EVP_PKEY_CTX_set_rsa_oaep_md not defined
|                     #endif
|   ;
|   return 0;
| }
configure:7038: result: no
configure:7040: checking for EVP_PKEY_CTX_set_rsa_oaep_md in -lcrypto
configure:7063: gcc -o conftest -g -O2   conftest.c -lcrypto  -lcrypto -lcrypto -lcrypto -lcrypto -lcrypto -lcrypto -lcrypto -lcrypto -lcrypto -lcrypto -lcrypto -lcrypto -lcrypto -lcrypto -lcrypto -lcrypto -lcrypto -lcrypto -lcrypto -lcrypto -lcrypto -lcrypto -lcrypto -lcrypto -lcrypto -lcrypto -lcrypto -lcrypto -lcrypto -lcrypto -lcrypto -lcrypto -lcrypto  >&5
configure:7063: $? = 0
configure:7073: result: yes
configure:7093: checking whether EVP_PKEY_CTX_set_signature_md is defined in <openssl/evp.h>
configure:7108: gcc -c -g -O2  conftest.c >&5
conftest.c: In function 'main':
conftest.c:64:22: error: #error EVP_PKEY_CTX_set_signature_md not defined
   64 |                     #error EVP_PKEY_CTX_set_signature_md not defined
      |                      ^~~~~
configure:7108: $? = 1
configure: failed program was:
| /* confdefs.h */
| #define PACKAGE_NAME "libtpms"
| #define PACKAGE_TARNAME "libtpms"
| #define PACKAGE_VERSION "0.10.0"
| #define PACKAGE_STRING "libtpms 0.10.0"
| #define PACKAGE_BUGREPORT ""
| #define PACKAGE_URL ""
| #define PACKAGE "libtpms"
| #define VERSION "0.10.0"
| #define WITH_TPM1 1
| #define WITH_TPM2 1
| #define HAVE_STDIO_H 1
| #define HAVE_STDLIB_H 1
| #define HAVE_STRING_H 1
| #define HAVE_INTTYPES_H 1
| #define HAVE_STDINT_H 1
| #define HAVE_STRINGS_H 1
| #define HAVE_SYS_STAT_H 1
| #define HAVE_SYS_TYPES_H 1
| #define HAVE_UNISTD_H 1
| #define STDC_HEADERS 1
| #define HAVE_LIBCRYPTO 1
| #define HAVE_OPENSSL_AES_H 1
| #define USE_OPENSSL_CRYPTO_LIBRARY 1
| #define HAVE_LIBCRYPTO 1
| #define HAVE_LIBCRYPTO 1
| #define HAVE_LIBCRYPTO 1
| #define HAVE_LIBCRYPTO 1
| #define HAVE_LIBCRYPTO 1
| #define HAVE_LIBCRYPTO 1
| #define HAVE_LIBCRYPTO 1
| #define HAVE_LIBCRYPTO 1
| #define HAVE_LIBCRYPTO 1
| #define HAVE_LIBCRYPTO 1
| #define HAVE_LIBCRYPTO 1
| #define HAVE_LIBCRYPTO 1
| #define HAVE_LIBCRYPTO 1
| #define HAVE_LIBCRYPTO 1
| #define HAVE_LIBCRYPTO 1
| #define HAVE_LIBCRYPTO 1
| #define HAVE_LIBCRYPTO 1
| #define HAVE_LIBCRYPTO 1
| #define HAVE_LIBCRYPTO 1
| #define HAVE_LIBCRYPTO 1
| #define HAVE_LIBCRYPTO 1
| #define HAVE_LIBCRYPTO 1
| #define HAVE_LIBCRYPTO 1
| #define HAVE_LIBCRYPTO 1
| #define HAVE_LIBCRYPTO 1
| #define HAVE_LIBCRYPTO 1
| #define HAVE_LIBCRYPTO 1
| #define HAVE_LIBCRYPTO 1
| #define HAVE_LIBCRYPTO 1
| #define HAVE_LIBCRYPTO 1
| #define HAVE_LIBCRYPTO 1
| #define HAVE_LIBCRYPTO 1
| #define HAVE_LIBCRYPTO 1
| /* end confdefs.h.  */
| #include <openssl/evp.h>
| int
| main (void)
| {
| #ifndef EVP_PKEY_CTX_set_signature_md
|                     #error EVP_PKEY_CTX_set_signature_md not defined
|                     #endif
|   ;
|   return 0;
| }
configure:7117: result: no
configure:7119: checking for EVP_PKEY_CTX_set_signature_md in -lcrypto
configure:7142: gcc -o conftest -g -O2   conftest.c -lcrypto  -lcrypto -lcrypto -lcrypto -lcrypto -lcrypto -lcrypto -lcrypto -lcrypto -lcrypto -lcrypto -lcrypto -lcrypto -lcrypto -lcrypto -lcrypto -lcrypto -lcrypto -lcrypto -lcrypto -lcrypto -lcrypto -lcrypto -lcrypto -lcrypto -lcrypto -lcrypto -lcrypto -lcrypto -lcrypto -lcrypto -lcrypto -lcrypto -lcrypto -lcrypto  >&5
configure:7142: $? = 0
configure:7152: result: yes
configure:7178: checking whether OSSL_KDF_NAME_SSKDF is defined in <openssl/core_names.h>
configure:7193: gcc -c -g -O2  conftest.c >&5
configure:7193: $? = 0
configure:7196: result: yes
configure:7224: checking for EC_POINT_get_affine_coordinates in -lcrypto
configure:7247: gcc -o conftest -g -O2 -DUSE_OPENSSL_FUNCTIONS_SYMMETRIC=1 -DUSE_OPENSSL_FUNCTIONS_EC=1 -DUSE_OPENSSL_FUNCTIONS_ECDSA=1 -DUSE_OPENSSL_FUNCTIONS_RSA=1 -DUSE_OPENSSL_FUNCTIONS_SSKDF=1   conftest.c -lcrypto  -lcrypto  >&5
configure:7247: $? = 0
configure:7257: result: yes
configure:7373: checking how to print strings
configure:7400: result: printf
configure:7421: checking for a sed that does not truncate output
configure:7491: result: /usr/bin/sed
configure:7509: checking for grep that handles long lines and -e
configure:7573: result: /usr/bin/grep
configure:7578: checking for egrep
configure:7646: result: /usr/bin/grep -E
configure:7651: checking for fgrep
configure:7719: result: /usr/bin/grep -F
configure:7755: checking for ld used by gcc
configure:7823: result: /usr/bin/ld
configure:7830: checking if the linker (/usr/bin/ld) is GNU ld
configure:7846: result: yes
configure:7858: checking for BSD- or MS-compatible name lister (nm)
configure:7913: result: /usr/bin/nm -B
configure:8053: checking the name lister (/usr/bin/nm -B) interface
configure:8061: gcc -c -g -O2 -DUSE_OPENSSL_FUNCTIONS_SYMMETRIC=1 -DUSE_OPENSSL_FUNCTIONS_EC=1 -DUSE_OPENSSL_FUNCTIONS_ECDSA=1 -DUSE_OPENSSL_FUNCTIONS_RSA=1 -DUSE_OPENSSL_FUNCTIONS_SSKDF=1 -DUSE_EC_POINT_GET_AFFINE_COORDINATES_API=1  conftest.c >&5
configure:8064: /usr/bin/nm -B "conftest.o"
configure:8067: output
0000000000000000 B some_variable
configure:8074: result: BSD nm
configure:8077: checking whether ln -s works
configure:8081: result: yes
configure:8089: checking the maximum length of command line arguments
configure:8221: result: 1572864
configure:8269: checking how to convert x86_64-pc-linux-gnu file names to x86_64-pc-linux-gnu format
configure:8310: result: func_convert_file_noop
configure:8317: checking how to convert x86_64-pc-linux-gnu file names to toolchain format
configure:8338: result: func_convert_file_noop
configure:8345: checking for /usr/bin/ld option to reload object files
configure:8353: result: -r
configure:8432: checking for objdump
configure:8453: found /usr/bin/objdump
configure:8464: result: objdump
configure:8496: checking how to recognize dependent libraries
configure:8697: result: pass_all
configure:8787: checking for dlltool
configure:8822: result: no
configure:8852: checking how to associate runtime and link libraries
configure:8880: result: printf %s\n
configure:8945: checking for ar
configure:8966: found /usr/bin/ar
configure:8977: result: ar
configure:9014: checking for archiver @FILE support
configure:9032: gcc -c -g -O2 -DUSE_OPENSSL_FUNCTIONS_SYMMETRIC=1 -DUSE_OPENSSL_FUNCTIONS_EC=1 -DUSE_OPENSSL_FUNCTIONS_ECDSA=1 -DUSE_OPENSSL_FUNCTIONS_RSA=1 -DUSE_OPENSSL_FUNCTIONS_SSKDF=1 -DUSE_EC_POINT_GET_AFFINE_COORDINATES_API=1  conftest.c >&5
configure:9032: $? = 0
configure:9036: ar cr libconftest.a @conftest.lst >&5
configure:9039: $? = 0
configure:9044: ar cr libconftest.a @conftest.lst >&5
ar: conftest.o: No such file or directory
configure:9047: $? = 1
configure:9059: result: @
configure:9122: checking for strip
configure:9143: found /usr/bin/strip
configure:9154: result: strip
configure:9231: checking for ranlib
configure:9252: found /usr/bin/ranlib
configure:9263: result: ranlib
configure:9365: checking command to parse /usr/bin/nm -B output from gcc object
configure:9519: gcc -c -g -O2 -DUSE_OPENSSL_FUNCTIONS_SYMMETRIC=1 -DUSE_OPENSSL_FUNCTIONS_EC=1 -DUSE_OPENSSL_FUNCTIONS_ECDSA=1 -DUSE_OPENSSL_FUNCTIONS_RSA=1 -DUSE_OPENSSL_FUNCTIONS_SSKDF=1 -DUSE_EC_POINT_GET_AFFINE_COORDINATES_API=1  conftest.c >&5
configure:9522: $? = 0
configure:9526: /usr/bin/nm -B conftest.o | sed -n -e 's/^.*[	 ]\([ABCDGIRSTW][ABCDGIRSTW]*\)[	 ][	 ]*\([_A-Za-z][_A-Za-z0-9]*\)$/\1 \2 \2/p' | sed '/ __gnu_lto/d' > conftest.nm
configure:9592: gcc -o conftest -g -O2 -DUSE_OPENSSL_FUNCTIONS_SYMMETRIC=1 -DUSE_OPENSSL_FUNCTIONS_EC=1 -DUSE_OPENSSL_FUNCTIONS_ECDSA=1 -DUSE_OPENSSL_FUNCTIONS_RSA=1 -DUSE_OPENSSL_FUNCTIONS_SSKDF=1 -DUSE_EC_POINT_GET_AFFINE_COORDINATES_API=1   conftest.c conftstm.o >&5
configure:9595: $? = 0
configure:9633: result: ok
configure:9680: checking for sysroot
configure:9711: result: no
configure:9718: checking for a working dd
configure:9762: result: /usr/bin/dd
configure:9766: checking how to truncate binary pipes
configure:9782: result: /usr/bin/dd bs=4096 count=1
configure:9919: gcc -c -g -O2 -DUSE_OPENSSL_FUNCTIONS_SYMMETRIC=1 -DUSE_OPENSSL_FUNCTIONS_EC=1 -DUSE_OPENSSL_FUNCTIONS_ECDSA=1 -DUSE_OPENSSL_FUNCTIONS_RSA=1 -DUSE_OPENSSL_FUNCTIONS_SSKDF=1 -DUSE_EC_POINT_GET_AFFINE_COORDINATES_API=1  conftest.c >&5
configure:9922: $? = 0
configure:10119: checking for mt
configure:10140: found /usr/bin/mt
configure:10151: result: mt
configure:10174: checking if mt is a manifest tool
configure:10181: mt '-?'
configure:10189: result: no
configure:10915: checking for dlfcn.h
configure:10915: gcc -c -g -O2 -DUSE_OPENSSL_FUNCTIONS_SYMMETRIC=1 -DUSE_OPENSSL_FUNCTIONS_EC=1 -DUSE_OPENSSL_FUNCTIONS_ECDSA=1 -DUSE_OPENSSL_FUNCTIONS_RSA=1 -DUSE_OPENSSL_FUNCTIONS_SSKDF=1 -DUSE_EC_POINT_GET_AFFINE_COORDINATES_API=1  conftest.c >&5
configure:10915: $? = 0
configure:10915: result: yes
configure:11174: checking for objdir
configure:11190: result: .libs
configure:11454: checking if gcc supports -fno-rtti -fno-exceptions
configure:11473: gcc -c -g -O2 -DUSE_OPENSSL_FUNCTIONS_SYMMETRIC=1 -DUSE_OPENSSL_FUNCTIONS_EC=1 -DUSE_OPENSSL_FUNCTIONS_ECDSA=1 -DUSE_OPENSSL_FUNCTIONS_RSA=1 -DUSE_OPENSSL_FUNCTIONS_SSKDF=1 -DUSE_EC_POINT_GET_AFFINE_COORDINATES_API=1  -fno-rtti -fno-exceptions conftest.c >&5
cc1: warning: command-line option '-fno-rtti' is valid for C++/D/ObjC++ but not for C
configure:11477: $? = 0
configure:11490: result: no
configure:11854: checking for gcc option to produce PIC
configure:11862: result: -fPIC -DPIC
configure:11870: checking if gcc PIC flag -fPIC -DPIC works
configure:11889: gcc -c -g -O2 -DUSE_OPENSSL_FUNCTIONS_SYMMETRIC=1 -DUSE_OPENSSL_FUNCTIONS_EC=1 -DUSE_OPENSSL_FUNCTIONS_ECDSA=1 -DUSE_OPENSSL_FUNCTIONS_RSA=1 -DUSE_OPENSSL_FUNCTIONS_SSKDF=1 -DUSE_EC_POINT_GET_AFFINE_COORDINATES_API=1  -fPIC -DPIC -DPIC conftest.c >&5
configure:11893: $? = 0
configure:11906: result: yes
configure:11935: checking if gcc static flag -static works
configure:11964: result: yes
configure:11979: checking if gcc supports -c -o file.o
configure:12001: gcc -c -g -O2 -DUSE_OPENSSL_FUNCTIONS_SYMMETRIC=1 -DUSE_OPENSSL_FUNCTIONS_EC=1 -DUSE_OPENSSL_FUNCTIONS_ECDSA=1 -DUSE_OPENSSL_FUNCTIONS_RSA=1 -DUSE_OPENSSL_FUNCTIONS_SSKDF=1 -DUSE_EC_POINT_GET_AFFINE_COORDINATES_API=1  -o out/conftest2.o conftest.c >&5
configure:12005: $? = 0
configure:12027: result: yes
configure:12035: checking if gcc supports -c -o file.o
configure:12083: result: yes
configure:12116: checking whether the gcc linker (/usr/bin/ld -m elf_x86_64) supports shared libraries
configure:13386: result: yes
configure:13423: checking whether -lc should be explicitly linked in
configure:13432: gcc -c -g -O2 -DUSE_OPENSSL_FUNCTIONS_SYMMETRIC=1 -DUSE_OPENSSL_FUNCTIONS_EC=1 -DUSE_OPENSSL_FUNCTIONS_ECDSA=1 -DUSE_OPENSSL_FUNCTIONS_RSA=1 -DUSE_OPENSSL_FUNCTIONS_SSKDF=1 -DUSE_EC_POINT_GET_AFFINE_COORDINATES_API=1  conftest.c >&5
configure:13435: $? = 0
configure:13450: gcc -shared  -fPIC -DPIC conftest.o  -v -Wl,-soname -Wl,conftest -o conftest 2\>\&1 \| /usr/bin/grep  -lc  \>/dev/null 2\>\&1
configure:13453: $? = 0
configure:13467: result: no
configure:13627: checking dynamic linker characteristics
configure:14209: gcc -o conftest -g -O2 -DUSE_OPENSSL_FUNCTIONS_SYMMETRIC=1 -DUSE_OPENSSL_FUNCTIONS_EC=1 -DUSE_OPENSSL_FUNCTIONS_ECDSA=1 -DUSE_OPENSSL_FUNCTIONS_RSA=1 -DUSE_OPENSSL_FUNCTIONS_SSKDF=1 -DUSE_EC_POINT_GET_AFFINE_COORDINATES_API=1   -Wl,-rpath -Wl,/foo conftest.c -lcrypto  >&5
configure:14209: $? = 0
configure:14460: result: GNU/Linux ld.so
configure:14582: checking how to hardcode library paths into programs
configure:14607: result: immediate
configure:15159: checking whether stripping libraries is possible
configure:15164: result: yes
configure:15199: checking if libtool supports shared libraries
configure:15201: result: yes
configure:15204: checking whether to build shared libraries
configure:15229: result: yes
configure:15232: checking whether to build static libraries
configure:15236: result: yes
configure:15326: checking for gcc
configure:15358: result: gcc
configure:15711: checking for C compiler version
configure:15720: gcc --version >&5
gcc (Ubuntu 11.4.0-1ubuntu1~22.04) 11.4.0
Copyright (C) 2021 Free Software Foundation, Inc.
This is free software; see the source for copying conditions.  There is NO
warranty; not even for MERCHANTABILITY or FITNESS FOR A PARTICULAR PURPOSE.

configure:15731: $? = 0
configure:15720: gcc -v >&5
Using built-in specs.
COLLECT_GCC=gcc
COLLECT_LTO_WRAPPER=/usr/lib/gcc/x86_64-linux-gnu/11/lto-wrapper
OFFLOAD_TARGET_NAMES=nvptx-none:amdgcn-amdhsa
OFFLOAD_TARGET_DEFAULT=1
Target: x86_64-linux-gnu
Configured with: ../src/configure -v --with-pkgversion='Ubuntu 11.4.0-1ubuntu1~22.04' --with-bugurl=file:///usr/share/doc/gcc-11/README.Bugs --enable-languages=c,ada,c++,go,brig,d,fortran,objc,obj-c++,m2 --prefix=/usr --with-gcc-major-version-only --program-suffix=-11 --program-prefix=x86_64-linux-gnu- --enable-shared --enable-linker-build-id --libexecdir=/usr/lib --without-included-gettext --enable-threads=posix --libdir=/usr/lib --enable-nls --enable-bootstrap --enable-clocale=gnu --enable-libstdcxx-debug --enable-libstdcxx-time=yes --with-default-libstdcxx-abi=new --enable-gnu-unique-object --disable-vtable-verify --enable-plugin --enable-default-pie --with-system-zlib --enable-libphobos-checking=release --with-target-system-zlib=auto --enable-objc-gc=auto --enable-multiarch --disable-werror --enable-cet --with-arch-32=i686 --with-abi=m64 --with-multilib-list=m32,m64,mx32 --enable-multilib --with-tune=generic --enable-offload-targets=nvptx-none=/build/gcc-11-XeT9lY/gcc-11-11.4.0/debian/tmp-nvptx/usr,amdgcn-amdhsa=/build/gcc-11-XeT9lY/gcc-11-11.4.0/debian/tmp-gcn/usr --without-cuda-driver --enable-checking=release --build=x86_64-linux-gnu --host=x86_64-linux-gnu --target=x86_64-linux-gnu --with-build-config=bootstrap-lto-lean --enable-link-serialization=2
Thread model: posix
Supported LTO compression algorithms: zlib zstd
gcc version 11.4.0 (Ubuntu 11.4.0-1ubuntu1~22.04) 
... rest of stderr output deleted ...
configure:15731: $? = 0
configure:15720: gcc -V >&5
gcc: error: unrecognized command-line option '-V'
gcc: fatal error: no input files
compilation terminated.
configure:15731: $? = 1
configure:15720: gcc -qversion >&5
gcc: error: unrecognized command-line option '-qversion'; did you mean '--version'?
gcc: fatal error: no input files
compilation terminated.
configure:15731: $? = 1
configure:15720: gcc -version >&5
gcc: error: unrecognized command-line option '-version'
gcc: fatal error: no input files
compilation terminated.
configure:15731: $? = 1
configure:15735: checking whether the compiler supports GNU C
configure:15765: result: yes
configure:15776: checking whether gcc accepts -g
configure:15841: result: yes
configure:15861: checking for gcc option to enable C11 features
configure:15894: result: none needed
configure:16010: checking whether gcc understands -c and -o together
configure:16048: result: yes
configure:16067: checking dependency style of gcc
configure:16179: result: none
configure:16263: checking for g++
configure:16284: found /usr/bin/g++
configure:16295: result: g++
configure:16322: checking for C++ compiler version
configure:16331: g++ --version >&5
g++ (Ubuntu 11.4.0-1ubuntu1~22.04) 11.4.0
Copyright (C) 2021 Free Software Foundation, Inc.
This is free software; see the source for copying conditions.  There is NO
warranty; not even for MERCHANTABILITY or FITNESS FOR A PARTICULAR PURPOSE.

configure:16342: $? = 0
configure:16331: g++ -v >&5
Using built-in specs.
COLLECT_GCC=g++
COLLECT_LTO_WRAPPER=/usr/lib/gcc/x86_64-linux-gnu/11/lto-wrapper
OFFLOAD_TARGET_NAMES=nvptx-none:amdgcn-amdhsa
OFFLOAD_TARGET_DEFAULT=1
Target: x86_64-linux-gnu
Configured with: ../src/configure -v --with-pkgversion='Ubuntu 11.4.0-1ubuntu1~22.04' --with-bugurl=file:///usr/share/doc/gcc-11/README.Bugs --enable-languages=c,ada,c++,go,brig,d,fortran,objc,obj-c++,m2 --prefix=/usr --with-gcc-major-version-only --program-suffix=-11 --program-prefix=x86_64-linux-gnu- --enable-shared --enable-linker-build-id --libexecdir=/usr/lib --without-included-gettext --enable-threads=posix --libdir=/usr/lib --enable-nls --enable-bootstrap --enable-clocale=gnu --enable-libstdcxx-debug --enable-libstdcxx-time=yes --with-default-libstdcxx-abi=new --enable-gnu-unique-object --disable-vtable-verify --enable-plugin --enable-default-pie --with-system-zlib --enable-libphobos-checking=release --with-target-system-zlib=auto --enable-objc-gc=auto --enable-multiarch --disable-werror --enable-cet --with-arch-32=i686 --with-abi=m64 --with-multilib-list=m32,m64,mx32 --enable-multilib --with-tune=generic --enable-offload-targets=nvptx-none=/build/gcc-11-XeT9lY/gcc-11-11.4.0/debian/tmp-nvptx/usr,amdgcn-amdhsa=/build/gcc-11-XeT9lY/gcc-11-11.4.0/debian/tmp-gcn/usr --without-cuda-driver --enable-checking=release --build=x86_64-linux-gnu --host=x86_64-linux-gnu --target=x86_64-linux-gnu --with-build-config=bootstrap-lto-lean --enable-link-serialization=2
Thread model: posix
Supported LTO compression algorithms: zlib zstd
gcc version 11.4.0 (Ubuntu 11.4.0-1ubuntu1~22.04) 
... rest of stderr output deleted ...
configure:16342: $? = 0
configure:16331: g++ -V >&5
g++: error: unrecognized command-line option '-V'
g++: fatal error: no input files
compilation terminated.
configure:16342: $? = 1
configure:16331: g++ -qversion >&5
g++: error: unrecognized command-line option '-qversion'; did you mean '--version'?
g++: fatal error: no input files
compilation terminated.
configure:16342: $? = 1
configure:16346: checking whether the compiler supports GNU C++
configure:16366: g++ -c   conftest.cpp >&5
configure:16366: $? = 0
configure:16376: result: yes
configure:16387: checking whether g++ accepts -g
configure:16408: g++ -c -g  conftest.cpp >&5
configure:16408: $? = 0
configure:16452: result: yes
configure:16472: checking for g++ option to enable C++11 features
configure:16487: g++  -c -g -O2  conftest.cpp >&5
conftest.cpp: In function 'int main(int, char**)':
conftest.cpp:228:25: warning: empty parentheses were disambiguated as a function declaration [-Wvexing-parse]
  228 |   cxx11test::delegate d2();
      |                         ^~
conftest.cpp:228:25: note: remove parentheses to default-initialize a variable
  228 |   cxx11test::delegate d2();
      |                         ^~
      |                         --
conftest.cpp:228:25: note: or replace parentheses with braces to value-initialize a variable
configure:16487: $? = 0
configure:16505: result: none needed
configure:16571: checking dependency style of g++
configure:16683: result: none
configure:16716: checking how to run the C++ preprocessor
configure:16738: g++ -E  conftest.cpp
configure:16738: $? = 0
configure:16753: g++ -E  conftest.cpp
conftest.cpp:62:10: fatal error: ac_nonexistent.h: No such file or directory
   62 | #include <ac_nonexistent.h>
      |          ^~~~~~~~~~~~~~~~~~
compilation terminated.
configure:16753: $? = 1
configure: failed program was:
| /* confdefs.h */
| #define PACKAGE_NAME "libtpms"
| #define PACKAGE_TARNAME "libtpms"
| #define PACKAGE_VERSION "0.10.0"
| #define PACKAGE_STRING "libtpms 0.10.0"
| #define PACKAGE_BUGREPORT ""
| #define PACKAGE_URL ""
| #define PACKAGE "libtpms"
| #define VERSION "0.10.0"
| #define WITH_TPM1 1
| #define WITH_TPM2 1
| #define HAVE_STDIO_H 1
| #define HAVE_STDLIB_H 1
| #define HAVE_STRING_H 1
| #define HAVE_INTTYPES_H 1
| #define HAVE_STDINT_H 1
| #define HAVE_STRINGS_H 1
| #define HAVE_SYS_STAT_H 1
| #define HAVE_SYS_TYPES_H 1
| #define HAVE_UNISTD_H 1
| #define STDC_HEADERS 1
| #define HAVE_LIBCRYPTO 1
| #define HAVE_OPENSSL_AES_H 1
| #define USE_OPENSSL_CRYPTO_LIBRARY 1
| #define HAVE_LIBCRYPTO 1
| #define HAVE_LIBCRYPTO 1
| #define HAVE_LIBCRYPTO 1
| #define HAVE_LIBCRYPTO 1
| #define HAVE_LIBCRYPTO 1
| #define HAVE_LIBCRYPTO 1
| #define HAVE_LIBCRYPTO 1
| #define HAVE_LIBCRYPTO 1
| #define HAVE_LIBCRYPTO 1
| #define HAVE_LIBCRYPTO 1
| #define HAVE_LIBCRYPTO 1
| #define HAVE_LIBCRYPTO 1
| #define HAVE_LIBCRYPTO 1
| #define HAVE_LIBCRYPTO 1
| #define HAVE_LIBCRYPTO 1
| #define HAVE_LIBCRYPTO 1
| #define HAVE_LIBCRYPTO 1
| #define HAVE_LIBCRYPTO 1
| #define HAVE_LIBCRYPTO 1
| #define HAVE_LIBCRYPTO 1
| #define HAVE_LIBCRYPTO 1
| #define HAVE_LIBCRYPTO 1
| #define HAVE_LIBCRYPTO 1
| #define HAVE_LIBCRYPTO 1
| #define HAVE_LIBCRYPTO 1
| #define HAVE_LIBCRYPTO 1
| #define HAVE_LIBCRYPTO 1
| #define HAVE_LIBCRYPTO 1
| #define HAVE_LIBCRYPTO 1
| #define HAVE_LIBCRYPTO 1
| #define HAVE_LIBCRYPTO 1
| #define HAVE_LIBCRYPTO 1
| #define HAVE_LIBCRYPTO 1
| #define HAVE_LIBCRYPTO 1
| #define HAVE_DLFCN_H 1
| #define LT_OBJDIR ".libs/"
| /* end confdefs.h.  */
| #include <ac_nonexistent.h>
configure:16780: result: g++ -E
configure:16794: g++ -E  conftest.cpp
configure:16794: $? = 0
configure:16809: g++ -E  conftest.cpp
conftest.cpp:62:10: fatal error: ac_nonexistent.h: No such file or directory
   62 | #include <ac_nonexistent.h>
      |          ^~~~~~~~~~~~~~~~~~
compilation terminated.
configure:16809: $? = 1
configure: failed program was:
| /* confdefs.h */
| #define PACKAGE_NAME "libtpms"
| #define PACKAGE_TARNAME "libtpms"
| #define PACKAGE_VERSION "0.10.0"
| #define PACKAGE_STRING "libtpms 0.10.0"
| #define PACKAGE_BUGREPORT ""
| #define PACKAGE_URL ""
| #define PACKAGE "libtpms"
| #define VERSION "0.10.0"
| #define WITH_TPM1 1
| #define WITH_TPM2 1
| #define HAVE_STDIO_H 1
| #define HAVE_STDLIB_H 1
| #define HAVE_STRING_H 1
| #define HAVE_INTTYPES_H 1
| #define HAVE_STDINT_H 1
| #define HAVE_STRINGS_H 1
| #define HAVE_SYS_STAT_H 1
| #define HAVE_SYS_TYPES_H 1
| #define HAVE_UNISTD_H 1
| #define STDC_HEADERS 1
| #define HAVE_LIBCRYPTO 1
| #define HAVE_OPENSSL_AES_H 1
| #define USE_OPENSSL_CRYPTO_LIBRARY 1
| #define HAVE_LIBCRYPTO 1
| #define HAVE_LIBCRYPTO 1
| #define HAVE_LIBCRYPTO 1
| #define HAVE_LIBCRYPTO 1
| #define HAVE_LIBCRYPTO 1
| #define HAVE_LIBCRYPTO 1
| #define HAVE_LIBCRYPTO 1
| #define HAVE_LIBCRYPTO 1
| #define HAVE_LIBCRYPTO 1
| #define HAVE_LIBCRYPTO 1
| #define HAVE_LIBCRYPTO 1
| #define HAVE_LIBCRYPTO 1
| #define HAVE_LIBCRYPTO 1
| #define HAVE_LIBCRYPTO 1
| #define HAVE_LIBCRYPTO 1
| #define HAVE_LIBCRYPTO 1
| #define HAVE_LIBCRYPTO 1
| #define HAVE_LIBCRYPTO 1
| #define HAVE_LIBCRYPTO 1
| #define HAVE_LIBCRYPTO 1
| #define HAVE_LIBCRYPTO 1
| #define HAVE_LIBCRYPTO 1
| #define HAVE_LIBCRYPTO 1
| #define HAVE_LIBCRYPTO 1
| #define HAVE_LIBCRYPTO 1
| #define HAVE_LIBCRYPTO 1
| #define HAVE_LIBCRYPTO 1
| #define HAVE_LIBCRYPTO 1
| #define HAVE_LIBCRYPTO 1
| #define HAVE_LIBCRYPTO 1
| #define HAVE_LIBCRYPTO 1
| #define HAVE_LIBCRYPTO 1
| #define HAVE_LIBCRYPTO 1
| #define HAVE_LIBCRYPTO 1
| #define HAVE_DLFCN_H 1
| #define LT_OBJDIR ".libs/"
| /* end confdefs.h.  */
| #include <ac_nonexistent.h>
configure:16974: checking for ld used by g++
configure:17042: result: /usr/bin/ld -m elf_x86_64
configure:17049: checking if the linker (/usr/bin/ld -m elf_x86_64) is GNU ld
configure:17065: result: yes
configure:17120: checking whether the g++ linker (/usr/bin/ld -m elf_x86_64) supports shared libraries
configure:18197: result: yes
configure:18233: g++ -c -g -O2  conftest.cpp >&5
configure:18236: $? = 0
configure:18717: checking for g++ option to produce PIC
configure:18725: result: -fPIC -DPIC
configure:18733: checking if g++ PIC flag -fPIC -DPIC works
configure:18752: g++ -c -g -O2  -fPIC -DPIC -DPIC conftest.cpp >&5
configure:18756: $? = 0
configure:18769: result: yes
configure:18792: checking if g++ static flag -static works
configure:18821: result: yes
configure:18833: checking if g++ supports -c -o file.o
configure:18855: g++ -c -g -O2  -o out/conftest2.o conftest.cpp >&5
configure:18859: $? = 0
configure:18881: result: yes
configure:18886: checking if g++ supports -c -o file.o
configure:18934: result: yes
configure:18964: checking whether the g++ linker (/usr/bin/ld -m elf_x86_64) supports shared libraries
configure:19007: result: yes
configure:19149: checking dynamic linker characteristics
configure:19909: result: GNU/Linux ld.so
configure:19974: checking how to hardcode library paths into programs
configure:19999: result: immediate
configure:20045: checking for an ANSI C-conforming const
configure:20112: gcc -c -g -O2 -DUSE_OPENSSL_FUNCTIONS_SYMMETRIC=1 -DUSE_OPENSSL_FUNCTIONS_EC=1 -DUSE_OPENSSL_FUNCTIONS_ECDSA=1 -DUSE_OPENSSL_FUNCTIONS_RSA=1 -DUSE_OPENSSL_FUNCTIONS_SSKDF=1 -DUSE_EC_POINT_GET_AFFINE_COORDINATES_API=1  conftest.c >&5
configure:20112: $? = 0
configure:20120: result: yes
configure:20128: checking for inline
configure:20145: gcc -c -g -O2 -DUSE_OPENSSL_FUNCTIONS_SYMMETRIC=1 -DUSE_OPENSSL_FUNCTIONS_EC=1 -DUSE_OPENSSL_FUNCTIONS_ECDSA=1 -DUSE_OPENSSL_FUNCTIONS_RSA=1 -DUSE_OPENSSL_FUNCTIONS_SSKDF=1 -DUSE_EC_POINT_GET_AFFINE_COORDINATES_API=1  conftest.c >&5
configure:20145: $? = 0
configure:20154: result: inline
configure:20173: checking for size_t
configure:20173: gcc -c -g -O2 -DUSE_OPENSSL_FUNCTIONS_SYMMETRIC=1 -DUSE_OPENSSL_FUNCTIONS_EC=1 -DUSE_OPENSSL_FUNCTIONS_ECDSA=1 -DUSE_OPENSSL_FUNCTIONS_RSA=1 -DUSE_OPENSSL_FUNCTIONS_SSKDF=1 -DUSE_EC_POINT_GET_AFFINE_COORDINATES_API=1  conftest.c >&5
configure:20173: $? = 0
configure:20173: gcc -c -g -O2 -DUSE_OPENSSL_FUNCTIONS_SYMMETRIC=1 -DUSE_OPENSSL_FUNCTIONS_EC=1 -DUSE_OPENSSL_FUNCTIONS_ECDSA=1 -DUSE_OPENSSL_FUNCTIONS_RSA=1 -DUSE_OPENSSL_FUNCTIONS_SSKDF=1 -DUSE_EC_POINT_GET_AFFINE_COORDINATES_API=1  conftest.c >&5
conftest.c: In function 'main':
conftest.c:93:21: error: expected expression before ')' token
   93 | if (sizeof ((size_t)))
      |                     ^
configure:20173: $? = 1
configure: failed program was:
| /* confdefs.h */
| #define PACKAGE_NAME "libtpms"
| #define PACKAGE_TARNAME "libtpms"
| #define PACKAGE_VERSION "0.10.0"
| #define PACKAGE_STRING "libtpms 0.10.0"
| #define PACKAGE_BUGREPORT ""
| #define PACKAGE_URL ""
| #define PACKAGE "libtpms"
| #define VERSION "0.10.0"
| #define WITH_TPM1 1
| #define WITH_TPM2 1
| #define HAVE_STDIO_H 1
| #define HAVE_STDLIB_H 1
| #define HAVE_STRING_H 1
| #define HAVE_INTTYPES_H 1
| #define HAVE_STDINT_H 1
| #define HAVE_STRINGS_H 1
| #define HAVE_SYS_STAT_H 1
| #define HAVE_SYS_TYPES_H 1
| #define HAVE_UNISTD_H 1
| #define STDC_HEADERS 1
| #define HAVE_LIBCRYPTO 1
| #define HAVE_OPENSSL_AES_H 1
| #define USE_OPENSSL_CRYPTO_LIBRARY 1
| #define HAVE_LIBCRYPTO 1
| #define HAVE_LIBCRYPTO 1
| #define HAVE_LIBCRYPTO 1
| #define HAVE_LIBCRYPTO 1
| #define HAVE_LIBCRYPTO 1
| #define HAVE_LIBCRYPTO 1
| #define HAVE_LIBCRYPTO 1
| #define HAVE_LIBCRYPTO 1
| #define HAVE_LIBCRYPTO 1
| #define HAVE_LIBCRYPTO 1
| #define HAVE_LIBCRYPTO 1
| #define HAVE_LIBCRYPTO 1
| #define HAVE_LIBCRYPTO 1
| #define HAVE_LIBCRYPTO 1
| #define HAVE_LIBCRYPTO 1
| #define HAVE_LIBCRYPTO 1
| #define HAVE_LIBCRYPTO 1
| #define HAVE_LIBCRYPTO 1
| #define HAVE_LIBCRYPTO 1
| #define HAVE_LIBCRYPTO 1
| #define HAVE_LIBCRYPTO 1
| #define HAVE_LIBCRYPTO 1
| #define HAVE_LIBCRYPTO 1
| #define HAVE_LIBCRYPTO 1
| #define HAVE_LIBCRYPTO 1
| #define HAVE_LIBCRYPTO 1
| #define HAVE_LIBCRYPTO 1
| #define HAVE_LIBCRYPTO 1
| #define HAVE_LIBCRYPTO 1
| #define HAVE_LIBCRYPTO 1
| #define HAVE_LIBCRYPTO 1
| #define HAVE_LIBCRYPTO 1
| #define HAVE_LIBCRYPTO 1
| #define HAVE_LIBCRYPTO 1
| #define HAVE_DLFCN_H 1
| #define LT_OBJDIR ".libs/"
| /* end confdefs.h.  */
| #include <stddef.h>
| #ifdef HAVE_STDIO_H
| # include <stdio.h>
| #endif
| #ifdef HAVE_STDLIB_H
| # include <stdlib.h>
| #endif
| #ifdef HAVE_STRING_H
| # include <string.h>
| #endif
| #ifdef HAVE_INTTYPES_H
| # include <inttypes.h>
| #endif
| #ifdef HAVE_STDINT_H
| # include <stdint.h>
| #endif
| #ifdef HAVE_STRINGS_H
| # include <strings.h>
| #endif
| #ifdef HAVE_SYS_TYPES_H
| # include <sys/types.h>
| #endif
| #ifdef HAVE_SYS_STAT_H
| # include <sys/stat.h>
| #endif
| #ifdef HAVE_UNISTD_H
| # include <unistd.h>
| #endif
| int
| main (void)
| {
| if (sizeof ((size_t)))
| 	    return 0;
|   ;
|   return 0;
| }
configure:20173: result: yes
configure:20207: checking for clock_gettime in -lc
configure:20230: gcc -o conftest -g -O2 -DUSE_OPENSSL_FUNCTIONS_SYMMETRIC=1 -DUSE_OPENSSL_FUNCTIONS_EC=1 -DUSE_OPENSSL_FUNCTIONS_ECDSA=1 -DUSE_OPENSSL_FUNCTIONS_RSA=1 -DUSE_OPENSSL_FUNCTIONS_SSKDF=1 -DUSE_EC_POINT_GET_AFFINE_COORDINATES_API=1   conftest.c -lc  -lcrypto  >&5
configure:20230: $? = 0
configure:20240: result: yes
configure:20274: checking whether linker supports -Wl,-z,relro
configure:20280: gcc -o conftest -Wl,-z,relro -Werror   conftest.c -lcrypto  >&5
configure:20280: $? = 0
configure:20283: result: yes
configure:20293: checking whether linker supports -Wl,-z,now
configure:20299: gcc -o conftest -Wl,-z,now -Werror   conftest.c -lcrypto  >&5
configure:20299: $? = 0
configure:20302: result: yes
configure:20442: checking that generated files are newer than configure
configure:20448: result: done
configure:20527: creating ./config.status

## ---------------- ##
## Cache variables. ##
## ---------------- ##

ac_cv_build=x86_64-pc-linux-gnu
ac_cv_c_compiler_gnu=yes
ac_cv_c_const=yes
ac_cv_c_inline=inline
ac_cv_cxx_compiler_gnu=yes
ac_cv_env_CCC_set=
ac_cv_env_CCC_value=
ac_cv_env_CC_set=
ac_cv_env_CC_value=
ac_cv_env_CFLAGS_set=
ac_cv_env_CFLAGS_value=
ac_cv_env_CPPFLAGS_set=
ac_cv_env_CPPFLAGS_value=
ac_cv_env_CXXCPP_set=
ac_cv_env_CXXCPP_value=
ac_cv_env_CXXFLAGS_set=
ac_cv_env_CXXFLAGS_value=
ac_cv_env_CXX_set=
ac_cv_env_CXX_value=
ac_cv_env_LDFLAGS_set=
ac_cv_env_LDFLAGS_value=
ac_cv_env_LIBS_set=
ac_cv_env_LIBS_value=
ac_cv_env_LT_SYS_LIBRARY_PATH_set=
ac_cv_env_LT_SYS_LIBRARY_PATH_value=
ac_cv_env_build_alias_set=
ac_cv_env_build_alias_value=
ac_cv_env_host_alias_set=
ac_cv_env_host_alias_value=
ac_cv_env_target_alias_set=
ac_cv_env_target_alias_value=
ac_cv_header_dlfcn_h=yes
ac_cv_header_inttypes_h=yes
ac_cv_header_openssl_aes_h=yes
ac_cv_header_stdint_h=yes
ac_cv_header_stdio_h=yes
ac_cv_header_stdlib_h=yes
ac_cv_header_string_h=yes
ac_cv_header_strings_h=yes
ac_cv_header_sys_stat_h=yes
ac_cv_header_sys_types_h=yes
ac_cv_header_unistd_h=yes
ac_cv_host=x86_64-pc-linux-gnu
ac_cv_lib_c_clock_gettime=yes
ac_cv_lib_crypto_AES_set_encrypt_key=yes
ac_cv_lib_crypto_DES_random_key=yes
ac_cv_lib_crypto_ECDSA_SIG_new=yes
ac_cv_lib_crypto_ECDSA_SIG_set0=yes
ac_cv_lib_crypto_ECDSA_do_sign=yes
ac_cv_lib_crypto_ECDSA_do_verify=yes
ac_cv_lib_crypto_EC_KEY_generate_key=yes
ac_cv_lib_crypto_EC_KEY_get0_private_key=yes
ac_cv_lib_crypto_EC_KEY_set_group=yes
ac_cv_lib_crypto_EC_POINT_get_affine_coordinates=yes
ac_cv_lib_crypto_EVP_CIPHER_CTX_iv=yes
ac_cv_lib_crypto_EVP_CIPHER_CTX_new=yes
ac_cv_lib_crypto_EVP_EncryptInit_ex=yes
ac_cv_lib_crypto_EVP_PKEY_CTX_new=yes
ac_cv_lib_crypto_EVP_PKEY_CTX_set0_rsa_oaep_label=yes
ac_cv_lib_crypto_EVP_PKEY_CTX_set_rsa_oaep_md=yes
ac_cv_lib_crypto_EVP_PKEY_CTX_set_rsa_padding=yes
ac_cv_lib_crypto_EVP_PKEY_CTX_set_signature_md=yes
ac_cv_lib_crypto_EVP_PKEY_assign=yes
ac_cv_lib_crypto_EVP_PKEY_decrypt=yes
ac_cv_lib_crypto_EVP_PKEY_decrypt_init=yes
ac_cv_lib_crypto_EVP_PKEY_encrypt=yes
ac_cv_lib_crypto_EVP_PKEY_encrypt_init=yes
ac_cv_lib_crypto_EVP_PKEY_sign=yes
ac_cv_lib_crypto_EVP_PKEY_sign_init=yes
ac_cv_lib_crypto_EVP_PKEY_verify=yes
ac_cv_lib_crypto_EVP_PKEY_verify_init=yes
ac_cv_lib_crypto_EVP_aes_128_cbc=yes
ac_cv_lib_crypto_EVP_camellia_128_cbc=yes
ac_cv_lib_crypto_EVP_des_ede3_cbc=yes
ac_cv_lib_crypto_EVP_get_digestbyname=yes
ac_cv_lib_crypto_RSA_generate_key_ex=yes
ac_cv_lib_crypto_RSA_set0_crt_params=yes
ac_cv_lib_crypto_RSA_set0_factors=yes
ac_cv_lib_crypto_RSA_set0_key=yes
ac_cv_objext=o
ac_cv_path_EGREP='/usr/bin/grep -E'
ac_cv_path_FGREP='/usr/bin/grep -F'
ac_cv_path_GREP=/usr/bin/grep
ac_cv_path_SED=/usr/bin/sed
ac_cv_path_install='/usr/bin/install -c'
ac_cv_path_lt_DD=/usr/bin/dd
ac_cv_path_mkdir=/usr/bin/mkdir
ac_cv_prog_AWK=mawk
ac_cv_prog_CXXCPP='g++ -E'
ac_cv_prog_ac_ct_AR=ar
ac_cv_prog_ac_ct_CC=gcc
ac_cv_prog_ac_ct_CXX=g++
ac_cv_prog_ac_ct_MANIFEST_TOOL=mt
ac_cv_prog_ac_ct_OBJDUMP=objdump
ac_cv_prog_ac_ct_RANLIB=ranlib
ac_cv_prog_ac_ct_STRIP=strip
ac_cv_prog_cc_c11=
ac_cv_prog_cc_g=yes
ac_cv_prog_cc_stdc=
ac_cv_prog_cxx_11=no
ac_cv_prog_cxx_cxx11=
ac_cv_prog_cxx_g=yes
ac_cv_prog_cxx_stdcxx=
ac_cv_prog_make_make_set=yes
ac_cv_target=x86_64-pc-linux-gnu
ac_cv_type_size_t=yes
am_cv_CC_dependencies_compiler_type=none
am_cv_CXX_dependencies_compiler_type=none
am_cv_make_support_nested_variables=yes
am_cv_prog_cc_c_o=yes
ax_cv_check_ldflags___Wl___version_script___src_test_syms=yes
lt_cv_ar_at_file=@
lt_cv_archive_cmds_need_lc=no
lt_cv_deplibs_check_method=pass_all
lt_cv_file_magic_cmd='$MAGIC_CMD'
lt_cv_file_magic_test_file=
lt_cv_ld_reload_flag=-r
lt_cv_nm_interface='BSD nm'
lt_cv_objdir=.libs
lt_cv_path_LD=/usr/bin/ld
lt_cv_path_LDCXX='/usr/bin/ld -m elf_x86_64'
lt_cv_path_NM='/usr/bin/nm -B'
lt_cv_path_mainfest_tool=no
lt_cv_prog_compiler_c_o=yes
lt_cv_prog_compiler_c_o_CXX=yes
lt_cv_prog_compiler_pic='-fPIC -DPIC'
lt_cv_prog_compiler_pic_CXX='-fPIC -DPIC'
lt_cv_prog_compiler_pic_works=yes
lt_cv_prog_compiler_pic_works_CXX=yes
lt_cv_prog_compiler_rtti_exceptions=no
lt_cv_prog_compiler_static_works=yes
lt_cv_prog_compiler_static_works_CXX=yes
lt_cv_prog_gnu_ld=yes
lt_cv_prog_gnu_ldcxx=yes
lt_cv_sharedlib_from_linklib_cmd='printf %s\n'
lt_cv_shlibpath_overrides_runpath=yes
lt_cv_sys_global_symbol_pipe='sed -n -e '\''s/^.*[	 ]\([ABCDGIRSTW][ABCDGIRSTW]*\)[	 ][	 ]*\([_A-Za-z][_A-Za-z0-9]*\)$/\1 \2 \2/p'\'' | sed '\''/ __gnu_lto/d'\'''
lt_cv_sys_global_symbol_to_c_name_address='sed -n -e '\''s/^: \(.*\) .*$/  {"\1", (void *) 0},/p'\'' -e '\''s/^[ABCDGIRSTW][ABCDGIRSTW]* .* \(.*\)$/  {"\1", (void *) \&\1},/p'\'''
lt_cv_sys_global_symbol_to_c_name_address_lib_prefix='sed -n -e '\''s/^: \(.*\) .*$/  {"\1", (void *) 0},/p'\'' -e '\''s/^[ABCDGIRSTW][ABCDGIRSTW]* .* \(lib.*\)$/  {"\1", (void *) \&\1},/p'\'' -e '\''s/^[ABCDGIRSTW][ABCDGIRSTW]* .* \(.*\)$/  {"lib\1", (void *) \&\1},/p'\'''
lt_cv_sys_global_symbol_to_cdecl='sed -n -e '\''s/^T .* \(.*\)$/extern int \1();/p'\'' -e '\''s/^[ABCDGIRSTW][ABCDGIRSTW]* .* \(.*\)$/extern char \1;/p'\'''
lt_cv_sys_global_symbol_to_import=
lt_cv_sys_max_cmd_len=1572864
lt_cv_to_host_file_cmd=func_convert_file_noop
lt_cv_to_tool_file_cmd=func_convert_file_noop
lt_cv_truncate_bin='/usr/bin/dd bs=4096 count=1'

## ----------------- ##
## Output variables. ##
## ----------------- ##

ACLOCAL='${SHELL} '\''/home/lawsonzhang/tpm_containers5/libtpms-0.10.0/missing'\'' aclocal-1.16'
AMDEPBACKSLASH=''
AMDEP_FALSE=''
AMDEP_TRUE='#'
AMTAR='$${TAR-tar}'
AM_BACKSLASH='\'
AM_CFLAGS='-g -O2 -DUSE_OPENSSL_FUNCTIONS_SYMMETRIC=1 -DUSE_OPENSSL_FUNCTIONS_EC=1 -DUSE_OPENSSL_FUNCTIONS_ECDSA=1 -DUSE_OPENSSL_FUNCTIONS_RSA=1 -DUSE_OPENSSL_FUNCTIONS_SSKDF=1 -DUSE_EC_POINT_GET_AFFINE_COORDINATES_API=1  -Wall -Werror -Wshadow -Wreturn-type -Wsign-compare -Wno-self-assign -Wmissing-prototypes'
AM_DEFAULT_V='$(AM_DEFAULT_VERBOSITY)'
AM_DEFAULT_VERBOSITY='0'
AM_LDFLAGS=' '
AM_V='$(V)'
AR='ar'
AUTOCONF='${SHELL} '\''/home/lawsonzhang/tpm_containers5/libtpms-0.10.0/missing'\'' autoconf'
AUTOHEADER='${SHELL} '\''/home/lawsonzhang/tpm_containers5/libtpms-0.10.0/missing'\'' autoheader'
AUTOMAKE='${SHELL} '\''/home/lawsonzhang/tpm_containers5/libtpms-0.10.0/missing'\'' automake-1.16'
AWK='mawk'
CC='gcc'
CCDEPMODE='depmode=none'
CFLAGS='-g -O2 -DUSE_OPENSSL_FUNCTIONS_SYMMETRIC=1 -DUSE_OPENSSL_FUNCTIONS_EC=1 -DUSE_OPENSSL_FUNCTIONS_ECDSA=1 -DUSE_OPENSSL_FUNCTIONS_RSA=1 -DUSE_OPENSSL_FUNCTIONS_SSKDF=1 -DUSE_EC_POINT_GET_AFFINE_COORDINATES_API=1'
CPPFLAGS=''
CSCOPE='cscope'
CTAGS='ctags'
CXX='g++'
CXXCPP='g++ -E'
CXXDEPMODE='depmode=none'
CXXFLAGS='-g -O2'
CYGPATH_W='echo'
DEBUG_DEFINES=''
DEFS='-DHAVE_CONFIG_H'
DEPDIR='.deps'
DLLTOOL='false'
DSYMUTIL=''
DUMPBIN=''
ECHO_C=''
ECHO_N='-n'
ECHO_T=''
EGREP='/usr/bin/grep -E'
ENABLE_STATIC_TESTS_FALSE='#'
ENABLE_STATIC_TESTS_TRUE=''
ETAGS='etags'
EXEEXT=''
FGREP='/usr/bin/grep -F'
FUZZER=''
GREP='/usr/bin/grep'
HARDENING_CFLAGS='-fstack-protector-strong  -D_FORTIFY_SOURCE=2'
HARDENING_LDFLAGS=' -Wl,-z,relro -Wl,-z,now'
HAVE_VERSION_SCRIPT_FALSE='#'
HAVE_VERSION_SCRIPT_TRUE=''
INSTALL_DATA='${INSTALL} -m 644'
INSTALL_PROGRAM='${INSTALL}'
INSTALL_SCRIPT='${INSTALL}'
INSTALL_STRIP_PROGRAM='$(install_sh) -c -s'
LD='/usr/bin/ld -m elf_x86_64'
LDFLAGS=''
LIBCRYPTO_EXTRA_CFLAGS='-DOPENSSL_SUPPRESS_DEPRECATED'
LIBOBJS=''
LIBRT_LIBS=''
LIBS='-lcrypto '
LIBTOOL='$(SHELL) $(top_builddir)/libtool'
LIBTPMS_USE_FREEBL_FALSE=''
LIBTPMS_USE_FREEBL_TRUE='#'
LIBTPMS_USE_OPENSSL_FALSE='#'
LIBTPMS_USE_OPENSSL_TRUE=''
LIBTPMS_VERSION='0.10.0'
LIBTPMS_VERSION_INFO='10:0:10'
LIBTPMS_VER_MAJOR='0'
LIBTPMS_VER_MICRO='0'
LIBTPMS_VER_MINOR='10'
LIB_FUZZING_ENGINE=''
LIPO=''
LN_S='ln -s'
LTLIBOBJS=''
LT_SYS_LIBRARY_PATH=''
MAKEINFO='${SHELL} '\''/home/lawsonzhang/tpm_containers5/libtpms-0.10.0/missing'\'' makeinfo'
MANIFEST_TOOL=':'
MKDIR_P='/usr/bin/mkdir -p'
NM='/usr/bin/nm -B'
NMEDIT=''
OBJDUMP='objdump'
OBJEXT='o'
OTOOL64=''
OTOOL=''
PACKAGE='libtpms'
PACKAGE_BUGREPORT=''
PACKAGE_NAME='libtpms'
PACKAGE_STRING='libtpms 0.10.0'
PACKAGE_TARNAME='libtpms'
PACKAGE_URL=''
PACKAGE_VERSION='0.10.0'
PATH_SEPARATOR=':'
RANLIB='ranlib'
SANITIZERS=''
SED='/usr/bin/sed'
SET_MAKE=''
SHELL='/bin/bash'
STRIP='strip'
VERSION='0.10.0'
WITH_FUZZER_FALSE=''
WITH_FUZZER_TRUE='#'
WITH_FUZZING_ENGINE_FALSE=''
WITH_FUZZING_ENGINE_TRUE='#'
WITH_TPM1='1'
WITH_TPM1_FALSE='#'
WITH_TPM1_TRUE=''
WITH_TPM2='1'
WITH_TPM2_FALSE='#'
WITH_TPM2_TRUE=''
ac_ct_AR='ar'
ac_ct_CC='gcc'
ac_ct_CXX='g++'
ac_ct_DUMPBIN=''
am__EXEEXT_FALSE=''
am__EXEEXT_TRUE='#'
am__fastdepCC_FALSE=''
am__fastdepCC_TRUE='#'
am__fastdepCXX_FALSE=''
am__fastdepCXX_TRUE='#'
am__include='include'
am__isrc=''
am__leading_dot='.'
am__nodep=''
am__quote=''
am__tar='$${TAR-tar} chof - "$$tardir"'
am__untar='$${TAR-tar} xf -'
bindir='${exec_prefix}/bin'
build='x86_64-pc-linux-gnu'
build_alias=''
build_cpu='x86_64'
build_os='linux-gnu'
build_vendor='pc'
cryptolib='openssl'
datadir='${datarootdir}'
datarootdir='${prefix}/share'
docdir='${datarootdir}/doc/${PACKAGE_TARNAME}'
dvidir='${docdir}'
exec_prefix='${prefix}'
host='x86_64-pc-linux-gnu'
host_alias=''
host_cpu='x86_64'
host_os='linux-gnu'
host_vendor='pc'
htmldir='${docdir}'
includedir='${prefix}/include'
infodir='${datarootdir}/info'
install_sh='${SHELL} /home/lawsonzhang/tpm_containers5/libtpms-0.10.0/install-sh'
libdir='${exec_prefix}/lib'
libexecdir='${exec_prefix}/libexec'
localedir='${datarootdir}/locale'
localstatedir='${prefix}/var'
mandir='${datarootdir}/man'
mkdir_p='$(MKDIR_P)'
oldincludedir='/usr/include'
pdfdir='${docdir}'
pkgconfigdir='${libdir}/pkgconfig'
prefix='/usr'
program_transform_name='s,x,x,'
psdir='${docdir}'
runstatedir='${localstatedir}/run'
sbindir='${exec_prefix}/sbin'
sharedstatedir='${prefix}/com'
sysconfdir='${prefix}/etc'
target='x86_64-pc-linux-gnu'
target_alias=''
target_cpu='x86_64'
target_os='linux-gnu'
target_vendor='pc'

## ----------- ##
## confdefs.h. ##
## ----------- ##

/* confdefs.h */
#define PACKAGE_NAME "libtpms"
#define PACKAGE_TARNAME "libtpms"
#define PACKAGE_VERSION "0.10.0"
#define PACKAGE_STRING "libtpms 0.10.0"
#define PACKAGE_BUGREPORT ""
#define PACKAGE_URL ""
#define PACKAGE "libtpms"
#define VERSION "0.10.0"
#define WITH_TPM1 1
#define WITH_TPM2 1
#define HAVE_STDIO_H 1
#define HAVE_STDLIB_H 1
#define HAVE_STRING_H 1
#define HAVE_INTTYPES_H 1
#define HAVE_STDINT_H 1
#define HAVE_STRINGS_H 1
#define HAVE_SYS_STAT_H 1
#define HAVE_SYS_TYPES_H 1
#define HAVE_UNISTD_H 1
#define STDC_HEADERS 1
#define HAVE_LIBCRYPTO 1
#define HAVE_OPENSSL_AES_H 1
#define USE_OPENSSL_CRYPTO_LIBRARY 1
#define HAVE_LIBCRYPTO 1
#define HAVE_LIBCRYPTO 1
#define HAVE_LIBCRYPTO 1
#define HAVE_LIBCRYPTO 1
#define HAVE_LIBCRYPTO 1
#define HAVE_LIBCRYPTO 1
#define HAVE_LIBCRYPTO 1
#define HAVE_LIBCRYPTO 1
#define HAVE_LIBCRYPTO 1
#define HAVE_LIBCRYPTO 1
#define HAVE_LIBCRYPTO 1
#define HAVE_LIBCRYPTO 1
#define HAVE_LIBCRYPTO 1
#define HAVE_LIBCRYPTO 1
#define HAVE_LIBCRYPTO 1
#define HAVE_LIBCRYPTO 1
#define HAVE_LIBCRYPTO 1
#define HAVE_LIBCRYPTO 1
#define HAVE_LIBCRYPTO 1
#define HAVE_LIBCRYPTO 1
#define HAVE_LIBCRYPTO 1
#define HAVE_LIBCRYPTO 1
#define HAVE_LIBCRYPTO 1
#define HAVE_LIBCRYPTO 1
#define HAVE_LIBCRYPTO 1
#define HAVE_LIBCRYPTO 1
#define HAVE_LIBCRYPTO 1
#define HAVE_LIBCRYPTO 1
#define HAVE_LIBCRYPTO 1
#define HAVE_LIBCRYPTO 1
#define HAVE_LIBCRYPTO 1
#define HAVE_LIBCRYPTO 1
#define HAVE_LIBCRYPTO 1
#define HAVE_LIBCRYPTO 1
#define HAVE_DLFCN_H 1
#define LT_OBJDIR ".libs/"

configure: exit 0

## ---------------------- ##
## Running config.status. ##
## ---------------------- ##

This file was extended by libtpms config.status 0.10.0, which was
generated by GNU Autoconf 2.71.  Invocation command line was

  CONFIG_FILES    = 
  CONFIG_HEADERS  = 
  CONFIG_LINKS    = 
  CONFIG_COMMANDS = 
  $ ./config.status 

on tpm

config.status:1232: creating Makefile
config.status:1232: creating dist/libtpms.spec
config.status:1232: creating include/Makefile
config.status:1232: creating include/libtpms/Makefile
config.status:1232: creating include/libtpms/tpm_library.h
config.status:1232: creating man/Makefile
config.status:1232: creating man/man3/Makefile
config.status:1232: creating src/Makefile
config.status:1232: creating libtpms.pc
config.status:1232: creating tests/Makefile
config.status:1232: creating config.h
config.status:1413: config.h is unchanged
config.status:1461: executing depfiles commands
config.status:1461: executing libtool commands
